2025-08-06 00:30:42.810 | INFO     | vision_action_agent.src.config.settings:setup_logging:152 - Logging configured: level=INFO, file=logs/vision_action.log
2025-08-06 00:30:42.811 | INFO     | vision_action_agent.src.core.agent:__init__:39 - Initializing Vision Action Agent
2025-08-06 00:30:42.811 | INFO     | vision_action_agent.src.vision.screen_capture:__init__:25 - Screen size detected: Size(width=3840, height=2160)
2025-08-06 00:30:48.906 | INFO     | vision_action_agent.src.vision.ocr_engine:__init__:36 - EasyOCR initialized with languages: ['en']
2025-08-06 00:30:48.907 | WARNING  | vision_action_agent.src.vision.element_detector:_load_templates:49 - Template directory not found: ./templates
2025-08-06 00:30:48.908 | INFO     | vision_action_agent.src.actions.mouse_controller:__init__:52 - Mouse controller initialized. Screen: 3840x2160
2025-08-06 00:30:48.908 | INFO     | vision_action_agent.src.actions.keyboard_controller:__init__:69 - Keyboard controller initialized
2025-08-06 00:30:48.909 | INFO     | vision_action_agent.src.actions.mouse_controller:__init__:52 - Mouse controller initialized. Screen: 3840x2160
2025-08-06 00:30:48.909 | INFO     | vision_action_agent.src.actions.keyboard_controller:__init__:69 - Keyboard controller initialized
2025-08-06 00:30:48.910 | INFO     | vision_action_agent.src.vision.screen_capture:__init__:25 - Screen size detected: Size(width=3840, height=2160)
2025-08-06 00:30:51.258 | INFO     | vision_action_agent.src.vision.ocr_engine:__init__:36 - EasyOCR initialized with languages: ['en']
2025-08-06 00:30:51.258 | WARNING  | vision_action_agent.src.vision.element_detector:_load_templates:49 - Template directory not found: templates
2025-08-06 00:30:51.259 | INFO     | vision_action_agent.src.actions.workflow_executor:__init__:75 - Workflow executor initialized
2025-08-06 00:30:51.259 | INFO     | vision_action_agent.src.core.agent:_initialize_components:88 - All components initialized successfully
2025-08-06 00:30:51.259 | INFO     | vision_action_agent.src.core.agent:__init__:52 - Vision Action Agent initialized successfully
2025-08-06 00:30:51.809 | WARNING  | vision_action_agent.src.utils.error_handler:_log_error:143 - [ELEMENT_DETECTION] https://tfhub.dev/google/ssd/mobilenet_v2/2 does not appear to be a valid module. | Context: {'method': 'find_element', 'text': None, 'element_type': <ElementType.ICON: 'icon'>, 'image_template': None}
2025-08-06 00:30:51.815 | INFO     | vision_action_agent.src.utils.error_handler:_retry_with_delay:167 - Retrying in 1.0s (attempt 1/3)
2025-08-06 00:30:52.822 | INFO     | vision_action_agent.src.utils.error_handler:handle_error:124 - Error recovery successful using strategy: _retry_with_delay
2025-08-06 00:31:59.143 | INFO     | vision_action_agent.src.config.settings:setup_logging:152 - Logging configured: level=INFO, file=logs/vision_action.log
2025-08-06 00:31:59.143 | INFO     | vision_action_agent.src.core.agent:__init__:39 - Initializing Vision Action Agent
2025-08-06 00:31:59.143 | INFO     | vision_action_agent.src.vision.screen_capture:__init__:25 - Screen size detected: Size(width=3840, height=2160)
2025-08-06 00:32:02.174 | INFO     | vision_action_agent.src.vision.ocr_engine:__init__:36 - EasyOCR initialized with languages: ['en']
2025-08-06 00:32:02.175 | WARNING  | vision_action_agent.src.vision.element_detector:_load_templates:49 - Template directory not found: ./templates
2025-08-06 00:32:02.176 | INFO     | vision_action_agent.src.actions.mouse_controller:__init__:52 - Mouse controller initialized. Screen: 3840x2160
2025-08-06 00:32:02.176 | INFO     | vision_action_agent.src.actions.keyboard_controller:__init__:69 - Keyboard controller initialized
2025-08-06 00:32:02.177 | INFO     | vision_action_agent.src.actions.mouse_controller:__init__:52 - Mouse controller initialized. Screen: 3840x2160
2025-08-06 00:32:02.177 | INFO     | vision_action_agent.src.actions.keyboard_controller:__init__:69 - Keyboard controller initialized
2025-08-06 00:32:02.178 | INFO     | vision_action_agent.src.vision.screen_capture:__init__:25 - Screen size detected: Size(width=3840, height=2160)
2025-08-06 00:32:04.369 | INFO     | vision_action_agent.src.vision.ocr_engine:__init__:36 - EasyOCR initialized with languages: ['en']
2025-08-06 00:32:04.370 | WARNING  | vision_action_agent.src.vision.element_detector:_load_templates:49 - Template directory not found: templates
2025-08-06 00:32:04.370 | INFO     | vision_action_agent.src.actions.workflow_executor:__init__:75 - Workflow executor initialized
2025-08-06 00:32:04.370 | INFO     | vision_action_agent.src.core.agent:_initialize_components:88 - All components initialized successfully
2025-08-06 00:32:04.371 | INFO     | vision_action_agent.src.core.agent:__init__:52 - Vision Action Agent initialized successfully
2025-08-06 00:32:04.374 | INFO     | vision_action_agent.src.vision.element_detector:detect_icons_from_tf_hub:467 - Loading TensorFlow Hub model from: https://tfhub.dev/google/ssd/mobilenet_v2/2
2025-08-06 00:32:04.913 | WARNING  | vision_action_agent.src.utils.error_handler:_log_error:143 - [ELEMENT_DETECTION] https://tfhub.dev/google/ssd/mobilenet_v2/2 does not appear to be a valid module. | Context: {'method': 'find_element', 'text': None, 'element_type': <ElementType.ICON: 'icon'>, 'image_template': None}
2025-08-06 00:32:04.917 | INFO     | vision_action_agent.src.utils.error_handler:_retry_with_delay:167 - Retrying in 1.0s (attempt 1/3)
2025-08-06 00:32:05.924 | INFO     | vision_action_agent.src.utils.error_handler:handle_error:124 - Error recovery successful using strategy: _retry_with_delay
2025-08-06 00:34:46.424 | INFO     | vision_action_agent.src.config.settings:setup_logging:152 - Logging configured: level=INFO, file=logs/vision_action.log
2025-08-06 00:34:46.424 | INFO     | vision_action_agent.src.core.agent:__init__:39 - Initializing Vision Action Agent
2025-08-06 00:34:46.424 | INFO     | vision_action_agent.src.vision.screen_capture:__init__:25 - Screen size detected: Size(width=3840, height=2160)
2025-08-06 00:34:49.682 | INFO     | vision_action_agent.src.vision.ocr_engine:__init__:36 - EasyOCR initialized with languages: ['en']
2025-08-06 00:34:49.683 | WARNING  | vision_action_agent.src.vision.element_detector:_load_templates:49 - Template directory not found: ./templates
2025-08-06 00:34:49.683 | INFO     | vision_action_agent.src.actions.mouse_controller:__init__:52 - Mouse controller initialized. Screen: 3840x2160
2025-08-06 00:34:49.684 | INFO     | vision_action_agent.src.actions.keyboard_controller:__init__:69 - Keyboard controller initialized
2025-08-06 00:34:49.684 | INFO     | vision_action_agent.src.actions.mouse_controller:__init__:52 - Mouse controller initialized. Screen: 3840x2160
2025-08-06 00:34:49.685 | INFO     | vision_action_agent.src.actions.keyboard_controller:__init__:69 - Keyboard controller initialized
2025-08-06 00:34:49.685 | INFO     | vision_action_agent.src.vision.screen_capture:__init__:25 - Screen size detected: Size(width=3840, height=2160)
2025-08-06 00:34:51.874 | INFO     | vision_action_agent.src.vision.ocr_engine:__init__:36 - EasyOCR initialized with languages: ['en']
2025-08-06 00:34:51.875 | WARNING  | vision_action_agent.src.vision.element_detector:_load_templates:49 - Template directory not found: templates
2025-08-06 00:34:51.875 | INFO     | vision_action_agent.src.actions.workflow_executor:__init__:75 - Workflow executor initialized
2025-08-06 00:34:51.875 | INFO     | vision_action_agent.src.core.agent:_initialize_components:88 - All components initialized successfully
2025-08-06 00:34:51.876 | INFO     | vision_action_agent.src.core.agent:__init__:52 - Vision Action Agent initialized successfully
2025-08-06 00:34:51.880 | INFO     | vision_action_agent.src.vision.element_detector:detect_icons_from_tf_hub:467 - Loading TensorFlow Hub model from: https://tfhub.dev/google/ssd/mobilenet_v2/2
2025-08-06 00:34:52.415 | WARNING  | vision_action_agent.src.utils.error_handler:_log_error:143 - [ELEMENT_DETECTION] https://tfhub.dev/google/ssd/mobilenet_v2/2 does not appear to be a valid module. | Context: {'method': 'find_element', 'text': None, 'element_type': <ElementType.ICON: 'icon'>, 'image_template': None}
2025-08-06 00:34:52.421 | INFO     | vision_action_agent.src.utils.error_handler:_retry_with_delay:167 - Retrying in 1.0s (attempt 1/3)
2025-08-06 00:34:53.422 | INFO     | vision_action_agent.src.utils.error_handler:handle_error:124 - Error recovery successful using strategy: _retry_with_delay
2025-08-06 00:36:07.610 | INFO     | vision_action_agent.src.config.settings:setup_logging:152 - Logging configured: level=INFO, file=logs/vision_action.log
2025-08-06 00:36:07.611 | INFO     | vision_action_agent.src.core.agent:__init__:39 - Initializing Vision Action Agent - Logging configured.
2025-08-06 00:36:07.612 | INFO     | vision_action_agent.src.vision.screen_capture:__init__:25 - Screen size detected: Size(width=3840, height=2160)
2025-08-06 00:36:10.654 | INFO     | vision_action_agent.src.vision.ocr_engine:__init__:36 - EasyOCR initialized with languages: ['en']
2025-08-06 00:36:10.655 | WARNING  | vision_action_agent.src.vision.element_detector:_load_templates:49 - Template directory not found: ./templates
2025-08-06 00:36:10.656 | INFO     | vision_action_agent.src.actions.mouse_controller:__init__:52 - Mouse controller initialized. Screen: 3840x2160
2025-08-06 00:36:10.656 | INFO     | vision_action_agent.src.actions.keyboard_controller:__init__:69 - Keyboard controller initialized
2025-08-06 00:36:10.657 | INFO     | vision_action_agent.src.actions.mouse_controller:__init__:52 - Mouse controller initialized. Screen: 3840x2160
2025-08-06 00:36:10.657 | INFO     | vision_action_agent.src.actions.keyboard_controller:__init__:69 - Keyboard controller initialized
2025-08-06 00:36:10.658 | INFO     | vision_action_agent.src.vision.screen_capture:__init__:25 - Screen size detected: Size(width=3840, height=2160)
2025-08-06 00:36:12.896 | INFO     | vision_action_agent.src.vision.ocr_engine:__init__:36 - EasyOCR initialized with languages: ['en']
2025-08-06 00:36:12.897 | WARNING  | vision_action_agent.src.vision.element_detector:_load_templates:49 - Template directory not found: templates
2025-08-06 00:36:12.897 | INFO     | vision_action_agent.src.actions.workflow_executor:__init__:75 - Workflow executor initialized
2025-08-06 00:36:12.897 | INFO     | vision_action_agent.src.core.agent:_initialize_components:88 - All components initialized successfully
2025-08-06 00:36:12.897 | INFO     | vision_action_agent.src.core.agent:__init__:52 - Vision Action Agent initialized successfully
2025-08-06 00:36:12.900 | INFO     | vision_action_agent.src.vision.element_detector:detect_icons_from_tf_hub:467 - Loading TensorFlow Hub model from: https://tfhub.dev/google/ssd/mobilenet_v2/2
2025-08-06 00:36:13.450 | WARNING  | vision_action_agent.src.utils.error_handler:_log_error:143 - [ELEMENT_DETECTION] https://tfhub.dev/google/ssd/mobilenet_v2/2 does not appear to be a valid module. | Context: {'method': 'find_element', 'text': None, 'element_type': <ElementType.ICON: 'icon'>, 'image_template': None}
2025-08-06 00:36:13.456 | DEBUG    | vision_action_agent.src.utils.error_handler:_log_error:149 - Full traceback: Traceback (most recent call last):
  File "/home/bchoi/miniconda3/envs/vision_agent_env/lib/python3.11/site-packages/tensorflow_hub/resolver.py", line 192, in download_and_uncompress
    file_utils.extract_tarfile_to_destination(
  File "/home/bchoi/miniconda3/envs/vision_agent_env/lib/python3.11/site-packages/tensorflow_hub/file_utils.py", line 47, in extract_tarfile_to_destination
    with tarfile.open(mode="r|*", fileobj=fileobj) as tgz:
         ^^^^^^^^^^^^^^^^^^^^^^^^^^^^^^^^^^^^^^^^^
  File "/home/bchoi/miniconda3/envs/vision_agent_env/lib/python3.11/tarfile.py", line 1883, in open
    t = cls(name, filemode, stream, **kwargs)
        ^^^^^^^^^^^^^^^^^^^^^^^^^^^^^^^^^^^^^
  File "/home/bchoi/miniconda3/envs/vision_agent_env/lib/python3.11/tarfile.py", line 1761, in __init__
    self.firstmember = self.next()
                       ^^^^^^^^^^^
  File "/home/bchoi/miniconda3/envs/vision_agent_env/lib/python3.11/tarfile.py", line 2742, in next
    raise ReadError(str(e)) from None
tarfile.ReadError: invalid header

During handling of the above exception, another exception occurred:

Traceback (most recent call last):
  File "/home/bchoi/projects/vision_action/vision_action_agent/src/core/agent.py", line 140, in find_element
    elements = self.element_detector.detect_icons_from_tf_hub(screenshot)
               ^^^^^^^^^^^^^^^^^^^^^^^^^^^^^^^^^^^^^^^^^^^^^^^^^^^^^^^^^^
  File "/home/bchoi/projects/vision_action/vision_action_agent/src/vision/element_detector.py", line 468, in detect_icons_from_tf_hub
    detector = hub.load(model_url)
               ^^^^^^^^^^^^^^^^^^^
  File "/home/bchoi/miniconda3/envs/vision_agent_env/lib/python3.11/site-packages/tensorflow_hub/module_v2.py", line 100, in load
    module_path = resolve(handle)
                  ^^^^^^^^^^^^^^^
  File "/home/bchoi/miniconda3/envs/vision_agent_env/lib/python3.11/site-packages/tensorflow_hub/module_v2.py", line 55, in resolve
    return registry.resolver(handle)
           ^^^^^^^^^^^^^^^^^^^^^^^^^
  File "/home/bchoi/miniconda3/envs/vision_agent_env/lib/python3.11/site-packages/tensorflow_hub/registry.py", line 49, in __call__
    return impl(*args, **kwargs)
           ^^^^^^^^^^^^^^^^^^^^^
  File "/home/bchoi/miniconda3/envs/vision_agent_env/lib/python3.11/site-packages/tensorflow_hub/compressed_module_resolver.py", line 81, in __call__
    return resolver.atomic_download(handle, download, module_dir,
           ^^^^^^^^^^^^^^^^^^^^^^^^^^^^^^^^^^^^^^^^^^^^^^^^^^^^^^
  File "/home/bchoi/miniconda3/envs/vision_agent_env/lib/python3.11/site-packages/tensorflow_hub/resolver.py", line 421, in atomic_download
    download_fn(handle, tmp_dir)
  File "/home/bchoi/miniconda3/envs/vision_agent_env/lib/python3.11/site-packages/tensorflow_hub/compressed_module_resolver.py", line 78, in download
    return resolver.DownloadManager(handle).download_and_uncompress(
           ^^^^^^^^^^^^^^^^^^^^^^^^^^^^^^^^^^^^^^^^^^^^^^^^^^^^^^^^^
  File "/home/bchoi/miniconda3/envs/vision_agent_env/lib/python3.11/site-packages/tensorflow_hub/resolver.py", line 200, in download_and_uncompress
    raise IOError("%s does not appear to be a valid module." % self._url)
OSError: https://tfhub.dev/google/ssd/mobilenet_v2/2 does not appear to be a valid module.

2025-08-06 00:36:13.457 | INFO     | vision_action_agent.src.utils.error_handler:_retry_with_delay:167 - Retrying in 1.0s (attempt 1/3)
2025-08-06 00:36:14.457 | INFO     | vision_action_agent.src.utils.error_handler:handle_error:124 - Error recovery successful using strategy: _retry_with_delay
2025-08-06 00:37:41.440 | INFO     | vision_action_agent.src.config.settings:__init__:102 - Logging configured: level=DEBUG, file=logs/vision_action.log
2025-08-06 00:37:41.441 | INFO     | vision_action_agent.src.config.settings:__init__:107 - No configuration file found, using defaults
2025-08-06 00:37:46.910 | INFO     | vision_action_agent.src.config.settings:setup_logging:162 - Logging configured: level=INFO, file=logs/vision_action.log
2025-08-06 00:37:46.910 | INFO     | vision_action_agent.src.core.agent:__init__:39 - Initializing Vision Action Agent - Logging configured.
2025-08-06 00:37:46.911 | INFO     | vision_action_agent.src.vision.screen_capture:__init__:25 - Screen size detected: Size(width=3840, height=2160)
2025-08-06 00:37:50.050 | INFO     | vision_action_agent.src.vision.ocr_engine:__init__:36 - EasyOCR initialized with languages: ['en']
2025-08-06 00:37:50.050 | WARNING  | vision_action_agent.src.vision.element_detector:_load_templates:49 - Template directory not found: ./templates
2025-08-06 00:37:50.050 | INFO     | vision_action_agent.src.actions.mouse_controller:__init__:52 - Mouse controller initialized. Screen: 3840x2160
2025-08-06 00:37:50.050 | INFO     | vision_action_agent.src.actions.keyboard_controller:__init__:69 - Keyboard controller initialized
2025-08-06 00:37:50.051 | INFO     | vision_action_agent.src.actions.mouse_controller:__init__:52 - Mouse controller initialized. Screen: 3840x2160
2025-08-06 00:37:50.051 | INFO     | vision_action_agent.src.actions.keyboard_controller:__init__:69 - Keyboard controller initialized
2025-08-06 00:37:50.051 | INFO     | vision_action_agent.src.vision.screen_capture:__init__:25 - Screen size detected: Size(width=3840, height=2160)
2025-08-06 00:37:52.517 | INFO     | vision_action_agent.src.vision.ocr_engine:__init__:36 - EasyOCR initialized with languages: ['en']
2025-08-06 00:37:52.517 | WARNING  | vision_action_agent.src.vision.element_detector:_load_templates:49 - Template directory not found: templates
2025-08-06 00:37:52.517 | INFO     | vision_action_agent.src.actions.workflow_executor:__init__:75 - Workflow executor initialized
2025-08-06 00:37:52.518 | INFO     | vision_action_agent.src.core.agent:_initialize_components:88 - All components initialized successfully
2025-08-06 00:37:52.518 | INFO     | vision_action_agent.src.core.agent:__init__:52 - Vision Action Agent initialized successfully
2025-08-06 00:37:52.520 | DEBUG    | vision_action_agent.src.vision.element_detector:detect_icons_from_tf_hub:467 - Attempting to load TensorFlow Hub model from: https://tfhub.dev/google/ssd/mobilenet_v2/2
2025-08-06 00:37:53.055 | WARNING  | vision_action_agent.src.utils.error_handler:_log_error:143 - [ELEMENT_DETECTION] https://tfhub.dev/google/ssd/mobilenet_v2/2 does not appear to be a valid module. | Context: {'method': 'find_element', 'text': None, 'element_type': <ElementType.ICON: 'icon'>, 'image_template': None}
2025-08-06 00:37:53.058 | DEBUG    | vision_action_agent.src.utils.error_handler:_log_error:149 - Full traceback: Traceback (most recent call last):
  File "/home/bchoi/miniconda3/envs/vision_agent_env/lib/python3.11/site-packages/tensorflow_hub/resolver.py", line 192, in download_and_uncompress
    file_utils.extract_tarfile_to_destination(
  File "/home/bchoi/miniconda3/envs/vision_agent_env/lib/python3.11/site-packages/tensorflow_hub/file_utils.py", line 47, in extract_tarfile_to_destination
    with tarfile.open(mode="r|*", fileobj=fileobj) as tgz:
         ^^^^^^^^^^^^^^^^^^^^^^^^^^^^^^^^^^^^^^^^^
  File "/home/bchoi/miniconda3/envs/vision_agent_env/lib/python3.11/tarfile.py", line 1883, in open
    t = cls(name, filemode, stream, **kwargs)
        ^^^^^^^^^^^^^^^^^^^^^^^^^^^^^^^^^^^^^
  File "/home/bchoi/miniconda3/envs/vision_agent_env/lib/python3.11/tarfile.py", line 1761, in __init__
    self.firstmember = self.next()
                       ^^^^^^^^^^^
  File "/home/bchoi/miniconda3/envs/vision_agent_env/lib/python3.11/tarfile.py", line 2742, in next
    raise ReadError(str(e)) from None
tarfile.ReadError: invalid header

During handling of the above exception, another exception occurred:

Traceback (most recent call last):
  File "/home/bchoi/projects/vision_action/vision_action_agent/src/core/agent.py", line 140, in find_element
    elements = self.element_detector.detect_icons_from_tf_hub(screenshot)
               ^^^^^^^^^^^^^^^^^^^^^^^^^^^^^^^^^^^^^^^^^^^^^^^^^^^^^^^^^^
  File "/home/bchoi/projects/vision_action/vision_action_agent/src/vision/element_detector.py", line 468, in detect_icons_from_tf_hub
    detector = hub.load(model_url)
               ^^^^^^^^^^^^^^^^^^^
  File "/home/bchoi/miniconda3/envs/vision_agent_env/lib/python3.11/site-packages/tensorflow_hub/module_v2.py", line 100, in load
    module_path = resolve(handle)
                  ^^^^^^^^^^^^^^^
  File "/home/bchoi/miniconda3/envs/vision_agent_env/lib/python3.11/site-packages/tensorflow_hub/module_v2.py", line 55, in resolve
    return registry.resolver(handle)
           ^^^^^^^^^^^^^^^^^^^^^^^^^
  File "/home/bchoi/miniconda3/envs/vision_agent_env/lib/python3.11/site-packages/tensorflow_hub/registry.py", line 49, in __call__
    return impl(*args, **kwargs)
           ^^^^^^^^^^^^^^^^^^^^^
  File "/home/bchoi/miniconda3/envs/vision_agent_env/lib/python3.11/site-packages/tensorflow_hub/compressed_module_resolver.py", line 81, in __call__
    return resolver.atomic_download(handle, download, module_dir,
           ^^^^^^^^^^^^^^^^^^^^^^^^^^^^^^^^^^^^^^^^^^^^^^^^^^^^^^
  File "/home/bchoi/miniconda3/envs/vision_agent_env/lib/python3.11/site-packages/tensorflow_hub/resolver.py", line 421, in atomic_download
    download_fn(handle, tmp_dir)
  File "/home/bchoi/miniconda3/envs/vision_agent_env/lib/python3.11/site-packages/tensorflow_hub/compressed_module_resolver.py", line 78, in download
    return resolver.DownloadManager(handle).download_and_uncompress(
           ^^^^^^^^^^^^^^^^^^^^^^^^^^^^^^^^^^^^^^^^^^^^^^^^^^^^^^^^^
  File "/home/bchoi/miniconda3/envs/vision_agent_env/lib/python3.11/site-packages/tensorflow_hub/resolver.py", line 200, in download_and_uncompress
    raise IOError("%s does not appear to be a valid module." % self._url)
OSError: https://tfhub.dev/google/ssd/mobilenet_v2/2 does not appear to be a valid module.

2025-08-06 00:37:53.059 | INFO     | vision_action_agent.src.utils.error_handler:_retry_with_delay:167 - Retrying in 1.0s (attempt 1/3)
2025-08-06 00:37:54.059 | INFO     | vision_action_agent.src.utils.error_handler:handle_error:124 - Error recovery successful using strategy: _retry_with_delay
2025-08-06 00:38:44.986 | INFO     | vision_action_agent.src.config.settings:__init__:102 - Logging configured: level=DEBUG, file=logs/vision_action.log
2025-08-06 00:38:44.987 | INFO     | vision_action_agent.src.config.settings:__init__:107 - No configuration file found, using defaults
2025-08-06 00:38:50.552 | INFO     | vision_action_agent.src.config.settings:setup_logging:162 - Logging configured: level=DEBUG, file=logs/vision_action.log
2025-08-06 00:38:50.552 | INFO     | vision_action_agent.src.core.agent:__init__:39 - Initializing Vision Action Agent - Logging configured.
2025-08-06 00:38:50.553 | INFO     | vision_action_agent.src.vision.screen_capture:__init__:25 - Screen size detected: Size(width=3840, height=2160)
2025-08-06 00:38:53.685 | INFO     | vision_action_agent.src.vision.ocr_engine:__init__:36 - EasyOCR initialized with languages: ['en']
2025-08-06 00:38:53.686 | WARNING  | vision_action_agent.src.vision.element_detector:_load_templates:49 - Template directory not found: ./templates
2025-08-06 00:38:53.686 | INFO     | vision_action_agent.src.actions.mouse_controller:__init__:52 - Mouse controller initialized. Screen: 3840x2160
2025-08-06 00:38:53.686 | INFO     | vision_action_agent.src.actions.keyboard_controller:__init__:69 - Keyboard controller initialized
2025-08-06 00:38:53.686 | INFO     | vision_action_agent.src.actions.mouse_controller:__init__:52 - Mouse controller initialized. Screen: 3840x2160
2025-08-06 00:38:53.687 | INFO     | vision_action_agent.src.actions.keyboard_controller:__init__:69 - Keyboard controller initialized
2025-08-06 00:38:53.687 | INFO     | vision_action_agent.src.vision.screen_capture:__init__:25 - Screen size detected: Size(width=3840, height=2160)
2025-08-06 00:38:56.061 | INFO     | vision_action_agent.src.vision.ocr_engine:__init__:36 - EasyOCR initialized with languages: ['en']
2025-08-06 00:38:56.062 | WARNING  | vision_action_agent.src.vision.element_detector:_load_templates:49 - Template directory not found: templates
2025-08-06 00:38:56.062 | INFO     | vision_action_agent.src.actions.workflow_executor:__init__:75 - Workflow executor initialized
2025-08-06 00:38:56.062 | INFO     | vision_action_agent.src.core.agent:_initialize_components:88 - All components initialized successfully
2025-08-06 00:38:56.062 | INFO     | vision_action_agent.src.core.agent:__init__:52 - Vision Action Agent initialized successfully
2025-08-06 00:38:56.065 | DEBUG    | vision_action_agent.src.vision.element_detector:detect_icons_from_tf_hub:467 - Attempting to load TensorFlow Hub model from: https://tfhub.dev/google/ssd/mobilenet_v2/2
2025-08-06 00:38:56.594 | WARNING  | vision_action_agent.src.utils.error_handler:_log_error:143 - [ELEMENT_DETECTION] https://tfhub.dev/google/ssd/mobilenet_v2/2 does not appear to be a valid module. | Context: {'method': 'find_element', 'text': None, 'element_type': <ElementType.ICON: 'icon'>, 'image_template': None}
2025-08-06 00:38:56.600 | DEBUG    | vision_action_agent.src.utils.error_handler:_log_error:149 - Full traceback: Traceback (most recent call last):
  File "/home/bchoi/miniconda3/envs/vision_agent_env/lib/python3.11/site-packages/tensorflow_hub/resolver.py", line 192, in download_and_uncompress
    file_utils.extract_tarfile_to_destination(
  File "/home/bchoi/miniconda3/envs/vision_agent_env/lib/python3.11/site-packages/tensorflow_hub/file_utils.py", line 47, in extract_tarfile_to_destination
    with tarfile.open(mode="r|*", fileobj=fileobj) as tgz:
         ^^^^^^^^^^^^^^^^^^^^^^^^^^^^^^^^^^^^^^^^^
  File "/home/bchoi/miniconda3/envs/vision_agent_env/lib/python3.11/tarfile.py", line 1883, in open
    t = cls(name, filemode, stream, **kwargs)
        ^^^^^^^^^^^^^^^^^^^^^^^^^^^^^^^^^^^^^
  File "/home/bchoi/miniconda3/envs/vision_agent_env/lib/python3.11/tarfile.py", line 1761, in __init__
    self.firstmember = self.next()
                       ^^^^^^^^^^^
  File "/home/bchoi/miniconda3/envs/vision_agent_env/lib/python3.11/tarfile.py", line 2742, in next
    raise ReadError(str(e)) from None
tarfile.ReadError: invalid header

During handling of the above exception, another exception occurred:

Traceback (most recent call last):
  File "/home/bchoi/projects/vision_action/vision_action_agent/src/core/agent.py", line 140, in find_element
    elements = self.element_detector.detect_icons_from_tf_hub(screenshot)
               ^^^^^^^^^^^^^^^^^^^^^^^^^^^^^^^^^^^^^^^^^^^^^^^^^^^^^^^^^^
  File "/home/bchoi/projects/vision_action/vision_action_agent/src/vision/element_detector.py", line 468, in detect_icons_from_tf_hub
    detector = hub.load(model_url)
               ^^^^^^^^^^^^^^^^^^^
  File "/home/bchoi/miniconda3/envs/vision_agent_env/lib/python3.11/site-packages/tensorflow_hub/module_v2.py", line 100, in load
    module_path = resolve(handle)
                  ^^^^^^^^^^^^^^^
  File "/home/bchoi/miniconda3/envs/vision_agent_env/lib/python3.11/site-packages/tensorflow_hub/module_v2.py", line 55, in resolve
    return registry.resolver(handle)
           ^^^^^^^^^^^^^^^^^^^^^^^^^
  File "/home/bchoi/miniconda3/envs/vision_agent_env/lib/python3.11/site-packages/tensorflow_hub/registry.py", line 49, in __call__
    return impl(*args, **kwargs)
           ^^^^^^^^^^^^^^^^^^^^^
  File "/home/bchoi/miniconda3/envs/vision_agent_env/lib/python3.11/site-packages/tensorflow_hub/compressed_module_resolver.py", line 81, in __call__
    return resolver.atomic_download(handle, download, module_dir,
           ^^^^^^^^^^^^^^^^^^^^^^^^^^^^^^^^^^^^^^^^^^^^^^^^^^^^^^
  File "/home/bchoi/miniconda3/envs/vision_agent_env/lib/python3.11/site-packages/tensorflow_hub/resolver.py", line 421, in atomic_download
    download_fn(handle, tmp_dir)
  File "/home/bchoi/miniconda3/envs/vision_agent_env/lib/python3.11/site-packages/tensorflow_hub/compressed_module_resolver.py", line 78, in download
    return resolver.DownloadManager(handle).download_and_uncompress(
           ^^^^^^^^^^^^^^^^^^^^^^^^^^^^^^^^^^^^^^^^^^^^^^^^^^^^^^^^^
  File "/home/bchoi/miniconda3/envs/vision_agent_env/lib/python3.11/site-packages/tensorflow_hub/resolver.py", line 200, in download_and_uncompress
    raise IOError("%s does not appear to be a valid module." % self._url)
OSError: https://tfhub.dev/google/ssd/mobilenet_v2/2 does not appear to be a valid module.

2025-08-06 00:38:56.601 | INFO     | vision_action_agent.src.utils.error_handler:_retry_with_delay:167 - Retrying in 1.0s (attempt 1/3)
2025-08-06 00:38:57.601 | INFO     | vision_action_agent.src.utils.error_handler:handle_error:124 - Error recovery successful using strategy: _retry_with_delay
2025-08-06 00:39:39.811 | INFO     | vision_action_agent.src.config.settings:__init__:102 - Logging configured: level=DEBUG, file=logs/vision_action.log
2025-08-06 00:39:39.811 | INFO     | vision_action_agent.src.config.settings:__init__:107 - No configuration file found, using defaults
2025-08-06 00:39:45.269 | INFO     | vision_action_agent.src.config.settings:setup_logging:162 - Logging configured: level=DEBUG, file=logs/vision_action.log
2025-08-06 00:39:45.269 | INFO     | vision_action_agent.src.core.agent:__init__:39 - Initializing Vision Action Agent - Logging configured.
2025-08-06 00:39:45.269 | INFO     | vision_action_agent.src.vision.screen_capture:__init__:25 - Screen size detected: Size(width=3840, height=2160)
2025-08-06 00:39:48.415 | INFO     | vision_action_agent.src.vision.ocr_engine:__init__:36 - EasyOCR initialized with languages: ['en']
2025-08-06 00:39:48.416 | WARNING  | vision_action_agent.src.vision.element_detector:_load_templates:49 - Template directory not found: ./templates
2025-08-06 00:39:48.416 | INFO     | vision_action_agent.src.actions.mouse_controller:__init__:52 - Mouse controller initialized. Screen: 3840x2160
2025-08-06 00:39:48.416 | INFO     | vision_action_agent.src.actions.keyboard_controller:__init__:69 - Keyboard controller initialized
2025-08-06 00:39:48.416 | INFO     | vision_action_agent.src.actions.mouse_controller:__init__:52 - Mouse controller initialized. Screen: 3840x2160
2025-08-06 00:39:48.417 | INFO     | vision_action_agent.src.actions.keyboard_controller:__init__:69 - Keyboard controller initialized
2025-08-06 00:39:48.417 | INFO     | vision_action_agent.src.vision.screen_capture:__init__:25 - Screen size detected: Size(width=3840, height=2160)
2025-08-06 00:39:50.848 | INFO     | vision_action_agent.src.vision.ocr_engine:__init__:36 - EasyOCR initialized with languages: ['en']
2025-08-06 00:39:50.849 | WARNING  | vision_action_agent.src.vision.element_detector:_load_templates:49 - Template directory not found: templates
2025-08-06 00:39:50.849 | INFO     | vision_action_agent.src.actions.workflow_executor:__init__:75 - Workflow executor initialized
2025-08-06 00:39:50.849 | INFO     | vision_action_agent.src.core.agent:_initialize_components:88 - All components initialized successfully
2025-08-06 00:39:50.849 | INFO     | vision_action_agent.src.core.agent:__init__:52 - Vision Action Agent initialized successfully
2025-08-06 00:39:50.855 | DEBUG    | vision_action_agent.src.vision.element_detector:detect_icons_from_tf_hub:467 - Attempting to load TensorFlow Hub model from: https://tfhub.dev/google/ssd/mobilenet_v2/2
2025-08-06 00:39:51.407 | WARNING  | vision_action_agent.src.utils.error_handler:_log_error:143 - [ELEMENT_DETECTION] https://tfhub.dev/google/ssd/mobilenet_v2/2 does not appear to be a valid module. | Context: {'method': 'find_element', 'text': None, 'element_type': <ElementType.ICON: 'icon'>, 'image_template': None}
2025-08-06 00:39:51.415 | DEBUG    | vision_action_agent.src.utils.error_handler:_log_error:149 - Full traceback: Traceback (most recent call last):
  File "/home/bchoi/miniconda3/envs/vision_agent_env/lib/python3.11/site-packages/tensorflow_hub/resolver.py", line 192, in download_and_uncompress
    file_utils.extract_tarfile_to_destination(
  File "/home/bchoi/miniconda3/envs/vision_agent_env/lib/python3.11/site-packages/tensorflow_hub/file_utils.py", line 47, in extract_tarfile_to_destination
    with tarfile.open(mode="r|*", fileobj=fileobj) as tgz:
         ^^^^^^^^^^^^^^^^^^^^^^^^^^^^^^^^^^^^^^^^^
  File "/home/bchoi/miniconda3/envs/vision_agent_env/lib/python3.11/tarfile.py", line 1883, in open
    t = cls(name, filemode, stream, **kwargs)
        ^^^^^^^^^^^^^^^^^^^^^^^^^^^^^^^^^^^^^
  File "/home/bchoi/miniconda3/envs/vision_agent_env/lib/python3.11/tarfile.py", line 1761, in __init__
    self.firstmember = self.next()
                       ^^^^^^^^^^^
  File "/home/bchoi/miniconda3/envs/vision_agent_env/lib/python3.11/tarfile.py", line 2742, in next
    raise ReadError(str(e)) from None
tarfile.ReadError: invalid header

During handling of the above exception, another exception occurred:

Traceback (most recent call last):
  File "/home/bchoi/projects/vision_action/vision_action_agent/src/core/agent.py", line 140, in find_element
    elements = self.element_detector.detect_icons_from_tf_hub(screenshot)
               ^^^^^^^^^^^^^^^^^^^^^^^^^^^^^^^^^^^^^^^^^^^^^^^^^^^^^^^^^^
  File "/home/bchoi/projects/vision_action/vision_action_agent/src/vision/element_detector.py", line 468, in detect_icons_from_tf_hub
    detector = hub.load(model_url)
               ^^^^^^^^^^^^^^^^^^^
  File "/home/bchoi/miniconda3/envs/vision_agent_env/lib/python3.11/site-packages/tensorflow_hub/module_v2.py", line 100, in load
    module_path = resolve(handle)
                  ^^^^^^^^^^^^^^^
  File "/home/bchoi/miniconda3/envs/vision_agent_env/lib/python3.11/site-packages/tensorflow_hub/module_v2.py", line 55, in resolve
    return registry.resolver(handle)
           ^^^^^^^^^^^^^^^^^^^^^^^^^
  File "/home/bchoi/miniconda3/envs/vision_agent_env/lib/python3.11/site-packages/tensorflow_hub/registry.py", line 49, in __call__
    return impl(*args, **kwargs)
           ^^^^^^^^^^^^^^^^^^^^^
  File "/home/bchoi/miniconda3/envs/vision_agent_env/lib/python3.11/site-packages/tensorflow_hub/compressed_module_resolver.py", line 81, in __call__
    return resolver.atomic_download(handle, download, module_dir,
           ^^^^^^^^^^^^^^^^^^^^^^^^^^^^^^^^^^^^^^^^^^^^^^^^^^^^^^
  File "/home/bchoi/miniconda3/envs/vision_agent_env/lib/python3.11/site-packages/tensorflow_hub/resolver.py", line 421, in atomic_download
    download_fn(handle, tmp_dir)
  File "/home/bchoi/miniconda3/envs/vision_agent_env/lib/python3.11/site-packages/tensorflow_hub/compressed_module_resolver.py", line 78, in download
    return resolver.DownloadManager(handle).download_and_uncompress(
           ^^^^^^^^^^^^^^^^^^^^^^^^^^^^^^^^^^^^^^^^^^^^^^^^^^^^^^^^^
  File "/home/bchoi/miniconda3/envs/vision_agent_env/lib/python3.11/site-packages/tensorflow_hub/resolver.py", line 200, in download_and_uncompress
    raise IOError("%s does not appear to be a valid module." % self._url)
OSError: https://tfhub.dev/google/ssd/mobilenet_v2/2 does not appear to be a valid module.

2025-08-06 00:39:51.415 | INFO     | vision_action_agent.src.utils.error_handler:_retry_with_delay:167 - Retrying in 1.0s (attempt 1/3)
2025-08-06 00:39:52.416 | INFO     | vision_action_agent.src.utils.error_handler:handle_error:124 - Error recovery successful using strategy: _retry_with_delay
2025-08-06 00:40:39.898 | INFO     | vision_action_agent.src.config.settings:__init__:102 - Logging configured: level=DEBUG, file=logs/vision_action.log
2025-08-06 00:40:39.898 | INFO     | vision_action_agent.src.config.settings:__init__:107 - No configuration file found, using defaults
2025-08-06 00:40:45.568 | INFO     | vision_action_agent.src.vision.element_detector:<module>:11 - element_detector.py loaded and logger initialized.
2025-08-06 00:40:45.594 | INFO     | vision_action_agent.src.config.settings:setup_logging:162 - Logging configured: level=DEBUG, file=logs/vision_action.log
2025-08-06 00:40:45.595 | INFO     | vision_action_agent.src.core.agent:__init__:39 - Initializing Vision Action Agent - Logging configured.
2025-08-06 00:40:45.596 | INFO     | vision_action_agent.src.vision.screen_capture:__init__:25 - Screen size detected: Size(width=3840, height=2160)
2025-08-06 00:40:48.812 | INFO     | vision_action_agent.src.vision.ocr_engine:__init__:36 - EasyOCR initialized with languages: ['en']
2025-08-06 00:40:48.813 | WARNING  | vision_action_agent.src.vision.element_detector:_load_templates:52 - Template directory not found: ./templates
2025-08-06 00:40:48.813 | INFO     | vision_action_agent.src.actions.mouse_controller:__init__:52 - Mouse controller initialized. Screen: 3840x2160
2025-08-06 00:40:48.814 | INFO     | vision_action_agent.src.actions.keyboard_controller:__init__:69 - Keyboard controller initialized
2025-08-06 00:40:48.814 | INFO     | vision_action_agent.src.actions.mouse_controller:__init__:52 - Mouse controller initialized. Screen: 3840x2160
2025-08-06 00:40:48.814 | INFO     | vision_action_agent.src.actions.keyboard_controller:__init__:69 - Keyboard controller initialized
2025-08-06 00:40:48.815 | INFO     | vision_action_agent.src.vision.screen_capture:__init__:25 - Screen size detected: Size(width=3840, height=2160)
2025-08-06 00:40:51.228 | INFO     | vision_action_agent.src.vision.ocr_engine:__init__:36 - EasyOCR initialized with languages: ['en']
2025-08-06 00:40:51.228 | WARNING  | vision_action_agent.src.vision.element_detector:_load_templates:52 - Template directory not found: templates
2025-08-06 00:40:51.229 | INFO     | vision_action_agent.src.actions.workflow_executor:__init__:75 - Workflow executor initialized
2025-08-06 00:40:51.229 | INFO     | vision_action_agent.src.core.agent:_initialize_components:88 - All components initialized successfully
2025-08-06 00:40:51.229 | INFO     | vision_action_agent.src.core.agent:__init__:52 - Vision Action Agent initialized successfully
2025-08-06 00:40:51.232 | DEBUG    | vision_action_agent.src.vision.element_detector:detect_icons_from_tf_hub:470 - Attempting to load TensorFlow Hub model from: https://tfhub.dev/google/ssd/mobilenet_v2/2
2025-08-06 00:40:51.738 | WARNING  | vision_action_agent.src.utils.error_handler:_log_error:143 - [ELEMENT_DETECTION] https://tfhub.dev/google/ssd/mobilenet_v2/2 does not appear to be a valid module. | Context: {'method': 'find_element', 'text': None, 'element_type': <ElementType.ICON: 'icon'>, 'image_template': None}
2025-08-06 00:40:51.741 | DEBUG    | vision_action_agent.src.utils.error_handler:_log_error:149 - Full traceback: Traceback (most recent call last):
  File "/home/bchoi/miniconda3/envs/vision_agent_env/lib/python3.11/site-packages/tensorflow_hub/resolver.py", line 192, in download_and_uncompress
    file_utils.extract_tarfile_to_destination(
  File "/home/bchoi/miniconda3/envs/vision_agent_env/lib/python3.11/site-packages/tensorflow_hub/file_utils.py", line 47, in extract_tarfile_to_destination
    with tarfile.open(mode="r|*", fileobj=fileobj) as tgz:
         ^^^^^^^^^^^^^^^^^^^^^^^^^^^^^^^^^^^^^^^^^
  File "/home/bchoi/miniconda3/envs/vision_agent_env/lib/python3.11/tarfile.py", line 1883, in open
    t = cls(name, filemode, stream, **kwargs)
        ^^^^^^^^^^^^^^^^^^^^^^^^^^^^^^^^^^^^^
  File "/home/bchoi/miniconda3/envs/vision_agent_env/lib/python3.11/tarfile.py", line 1761, in __init__
    self.firstmember = self.next()
                       ^^^^^^^^^^^
  File "/home/bchoi/miniconda3/envs/vision_agent_env/lib/python3.11/tarfile.py", line 2742, in next
    raise ReadError(str(e)) from None
tarfile.ReadError: invalid header

During handling of the above exception, another exception occurred:

Traceback (most recent call last):
  File "/home/bchoi/projects/vision_action/vision_action_agent/src/core/agent.py", line 140, in find_element
    elements = self.element_detector.detect_icons_from_tf_hub(screenshot)
               ^^^^^^^^^^^^^^^^^^^^^^^^^^^^^^^^^^^^^^^^^^^^^^^^^^^^^^^^^^
  File "/home/bchoi/projects/vision_action/vision_action_agent/src/vision/element_detector.py", line 471, in detect_icons_from_tf_hub
    detector = hub.load(model_url)
               ^^^^^^^^^^^^^^^^^^^
  File "/home/bchoi/miniconda3/envs/vision_agent_env/lib/python3.11/site-packages/tensorflow_hub/module_v2.py", line 100, in load
    module_path = resolve(handle)
                  ^^^^^^^^^^^^^^^
  File "/home/bchoi/miniconda3/envs/vision_agent_env/lib/python3.11/site-packages/tensorflow_hub/module_v2.py", line 55, in resolve
    return registry.resolver(handle)
           ^^^^^^^^^^^^^^^^^^^^^^^^^
  File "/home/bchoi/miniconda3/envs/vision_agent_env/lib/python3.11/site-packages/tensorflow_hub/registry.py", line 49, in __call__
    return impl(*args, **kwargs)
           ^^^^^^^^^^^^^^^^^^^^^
  File "/home/bchoi/miniconda3/envs/vision_agent_env/lib/python3.11/site-packages/tensorflow_hub/compressed_module_resolver.py", line 81, in __call__
    return resolver.atomic_download(handle, download, module_dir,
           ^^^^^^^^^^^^^^^^^^^^^^^^^^^^^^^^^^^^^^^^^^^^^^^^^^^^^^
  File "/home/bchoi/miniconda3/envs/vision_agent_env/lib/python3.11/site-packages/tensorflow_hub/resolver.py", line 421, in atomic_download
    download_fn(handle, tmp_dir)
  File "/home/bchoi/miniconda3/envs/vision_agent_env/lib/python3.11/site-packages/tensorflow_hub/compressed_module_resolver.py", line 78, in download
    return resolver.DownloadManager(handle).download_and_uncompress(
           ^^^^^^^^^^^^^^^^^^^^^^^^^^^^^^^^^^^^^^^^^^^^^^^^^^^^^^^^^
  File "/home/bchoi/miniconda3/envs/vision_agent_env/lib/python3.11/site-packages/tensorflow_hub/resolver.py", line 200, in download_and_uncompress
    raise IOError("%s does not appear to be a valid module." % self._url)
OSError: https://tfhub.dev/google/ssd/mobilenet_v2/2 does not appear to be a valid module.

2025-08-06 00:40:51.741 | INFO     | vision_action_agent.src.utils.error_handler:_retry_with_delay:167 - Retrying in 1.0s (attempt 1/3)
2025-08-06 00:40:52.742 | INFO     | vision_action_agent.src.utils.error_handler:handle_error:124 - Error recovery successful using strategy: _retry_with_delay
2025-08-06 00:43:17.507 | INFO     | vision_action_agent.src.config.settings:__init__:102 - Logging configured: level=DEBUG, file=logs/vision_action.log
2025-08-06 00:43:17.509 | INFO     | vision_action_agent.src.config.settings:__init__:107 - No configuration file found, using defaults
2025-08-06 00:43:22.875 | INFO     | vision_action_agent.src.vision.element_detector:<module>:11 - element_detector.py loaded and logger initialized.
2025-08-06 00:43:22.886 | INFO     | vision_action_agent.src.core.agent:__init__:36 - Initializing Vision Action Agent - Logging configured.
2025-08-06 00:43:22.886 | INFO     | vision_action_agent.src.vision.screen_capture:__init__:25 - Screen size detected: Size(width=3840, height=2160)
2025-08-06 00:43:26.128 | INFO     | vision_action_agent.src.vision.ocr_engine:__init__:36 - EasyOCR initialized with languages: ['en']
2025-08-06 00:43:26.129 | WARNING  | vision_action_agent.src.vision.element_detector:_load_templates:52 - Template directory not found: ./templates
2025-08-06 00:43:26.130 | INFO     | vision_action_agent.src.actions.mouse_controller:__init__:52 - Mouse controller initialized. Screen: 3840x2160
2025-08-06 00:43:26.130 | INFO     | vision_action_agent.src.actions.keyboard_controller:__init__:69 - Keyboard controller initialized
2025-08-06 00:43:26.130 | INFO     | vision_action_agent.src.actions.mouse_controller:__init__:52 - Mouse controller initialized. Screen: 3840x2160
2025-08-06 00:43:26.131 | INFO     | vision_action_agent.src.actions.keyboard_controller:__init__:69 - Keyboard controller initialized
2025-08-06 00:43:26.131 | INFO     | vision_action_agent.src.vision.screen_capture:__init__:25 - Screen size detected: Size(width=3840, height=2160)
2025-08-06 00:43:28.392 | INFO     | vision_action_agent.src.vision.ocr_engine:__init__:36 - EasyOCR initialized with languages: ['en']
2025-08-06 00:43:28.392 | WARNING  | vision_action_agent.src.vision.element_detector:_load_templates:52 - Template directory not found: templates
2025-08-06 00:43:28.392 | INFO     | vision_action_agent.src.actions.workflow_executor:__init__:75 - Workflow executor initialized
2025-08-06 00:43:28.392 | INFO     | vision_action_agent.src.core.agent:_initialize_components:85 - All components initialized successfully
2025-08-06 00:43:28.392 | INFO     | vision_action_agent.src.core.agent:__init__:49 - Vision Action Agent initialized successfully
2025-08-06 00:43:28.395 | DEBUG    | vision_action_agent.src.vision.element_detector:detect_icons_from_tf_hub:470 - Attempting to load TensorFlow Hub model from: https://tfhub.dev/google/ssd/mobilenet_v2/2
2025-08-06 00:43:28.865 | WARNING  | vision_action_agent.src.utils.error_handler:_log_error:143 - [ELEMENT_DETECTION] https://tfhub.dev/google/ssd/mobilenet_v2/2 does not appear to be a valid module. | Context: {'method': 'find_element', 'text': None, 'element_type': <ElementType.ICON: 'icon'>, 'image_template': None}
2025-08-06 00:43:28.872 | DEBUG    | vision_action_agent.src.utils.error_handler:_log_error:149 - Full traceback: Traceback (most recent call last):
  File "/home/bchoi/miniconda3/envs/vision_agent_env/lib/python3.11/site-packages/tensorflow_hub/resolver.py", line 192, in download_and_uncompress
    file_utils.extract_tarfile_to_destination(
  File "/home/bchoi/miniconda3/envs/vision_agent_env/lib/python3.11/site-packages/tensorflow_hub/file_utils.py", line 47, in extract_tarfile_to_destination
    with tarfile.open(mode="r|*", fileobj=fileobj) as tgz:
         ^^^^^^^^^^^^^^^^^^^^^^^^^^^^^^^^^^^^^^^^^
  File "/home/bchoi/miniconda3/envs/vision_agent_env/lib/python3.11/tarfile.py", line 1883, in open
    t = cls(name, filemode, stream, **kwargs)
        ^^^^^^^^^^^^^^^^^^^^^^^^^^^^^^^^^^^^^
  File "/home/bchoi/miniconda3/envs/vision_agent_env/lib/python3.11/tarfile.py", line 1761, in __init__
    self.firstmember = self.next()
                       ^^^^^^^^^^^
  File "/home/bchoi/miniconda3/envs/vision_agent_env/lib/python3.11/tarfile.py", line 2742, in next
    raise ReadError(str(e)) from None
tarfile.ReadError: invalid header

During handling of the above exception, another exception occurred:

Traceback (most recent call last):
  File "/home/bchoi/projects/vision_action/vision_action_agent/src/core/agent.py", line 137, in find_element
    elements = self.element_detector.detect_icons_from_tf_hub(screenshot)
               ^^^^^^^^^^^^^^^^^^^^^^^^^^^^^^^^^^^^^^^^^^^^^^^^^^^^^^^^^^
  File "/home/bchoi/projects/vision_action/vision_action_agent/src/vision/element_detector.py", line 471, in detect_icons_from_tf_hub
    detector = hub.load(model_url)
               ^^^^^^^^^^^^^^^^^^^
  File "/home/bchoi/miniconda3/envs/vision_agent_env/lib/python3.11/site-packages/tensorflow_hub/module_v2.py", line 100, in load
    module_path = resolve(handle)
                  ^^^^^^^^^^^^^^^
  File "/home/bchoi/miniconda3/envs/vision_agent_env/lib/python3.11/site-packages/tensorflow_hub/module_v2.py", line 55, in resolve
    return registry.resolver(handle)
           ^^^^^^^^^^^^^^^^^^^^^^^^^
  File "/home/bchoi/miniconda3/envs/vision_agent_env/lib/python3.11/site-packages/tensorflow_hub/registry.py", line 49, in __call__
    return impl(*args, **kwargs)
           ^^^^^^^^^^^^^^^^^^^^^
  File "/home/bchoi/miniconda3/envs/vision_agent_env/lib/python3.11/site-packages/tensorflow_hub/compressed_module_resolver.py", line 81, in __call__
    return resolver.atomic_download(handle, download, module_dir,
           ^^^^^^^^^^^^^^^^^^^^^^^^^^^^^^^^^^^^^^^^^^^^^^^^^^^^^^
  File "/home/bchoi/miniconda3/envs/vision_agent_env/lib/python3.11/site-packages/tensorflow_hub/resolver.py", line 421, in atomic_download
    download_fn(handle, tmp_dir)
  File "/home/bchoi/miniconda3/envs/vision_agent_env/lib/python3.11/site-packages/tensorflow_hub/compressed_module_resolver.py", line 78, in download
    return resolver.DownloadManager(handle).download_and_uncompress(
           ^^^^^^^^^^^^^^^^^^^^^^^^^^^^^^^^^^^^^^^^^^^^^^^^^^^^^^^^^
  File "/home/bchoi/miniconda3/envs/vision_agent_env/lib/python3.11/site-packages/tensorflow_hub/resolver.py", line 200, in download_and_uncompress
    raise IOError("%s does not appear to be a valid module." % self._url)
OSError: https://tfhub.dev/google/ssd/mobilenet_v2/2 does not appear to be a valid module.

2025-08-06 00:43:28.872 | INFO     | vision_action_agent.src.utils.error_handler:_retry_with_delay:167 - Retrying in 1.0s (attempt 1/3)
2025-08-06 00:43:29.873 | INFO     | vision_action_agent.src.utils.error_handler:handle_error:124 - Error recovery successful using strategy: _retry_with_delay
